vlad@vlad-Flex-3:/var/www/git/Academic/CSCI/arch/time_sync/src$ make
CC build/main/sntp_two_task.o
AR build/main/libmain.a
LD build/sntp.elf
esptool.py v2.2.1
To flash all build output, run 'make flash' or:
python /home/vlad/esp32/esp-idf/components/esptool_py/esptool/esptool.py --chip esp32 --port /dev/ttyUSB0 --baud 115200 --before default_reset --after hard_reset write_flash -z --flash_mode dio --flash_freq 40m --flash_size detect 0x1000 /var/www/git/Academic/CSCI/arch/time_sync/src/build/bootloader/bootloader.bin 0x10000 /var/www/git/Academic/CSCI/arch/time_sync/src/build/sntp.bin 0x8000 /var/www/git/Academic/CSCI/arch/time_sync/src/build/partitions_singleapp.bin

vlad@vlad-Flex-3:/var/www/git/Academic/CSCI/arch/time_sync/src$ make flash
Flashing binaries to serial port /dev/ttyUSB0 (app at offset 0x10000)...
esptool.py v2.2.1
Connecting....
Chip is ESP32D0WDQ6 (revision 1)
Uploading stub...
Running stub...
Stub running...
Configuring flash size...
Auto-detected Flash size: 4MB
Flash params set to 0x0220
Compressed 19648 bytes to 11611...
Wrote 19648 bytes (11611 compressed) at 0x00001000 in 1.0 seconds (effective 152.0 kbit/s)...
Hash of data verified.
Compressed 488928 bytes to 304461...
Wrote 488928 bytes (304461 compressed) at 0x00010000 in 27.0 seconds (effective 144.6 kbit/s)...
Hash of data verified.
Compressed 3072 bytes to 103...
Wrote 3072 bytes (103 compressed) at 0x00008000 in 0.0 seconds (effective 1767.5 kbit/s)...
Hash of data verified.

Leaving...
Hard resetting...
